<?xml version="1.0" encoding="UTF-8"?>
<testng-results total="2" passed="2" failed="0" skipped="0">
  <reporter-output>
  </reporter-output>
  <suite started-at="2019-08-15T12:50:58Z" name="PHP Travels" finished-at="2019-08-15T12:52:15Z" duration-ms="77475">
    <groups>
    </groups>
    <test started-at="2019-08-15T12:50:58Z" name="Home Page Navigation" finished-at="2019-08-15T12:51:24Z" duration-ms="26249">
      <class name="PHP_TestPackage.HomePageNavigation">
        <test-method signature="HomePageNavigation()[pri:0, instance:PHP_TestPackage.HomePageNavigation@3444d69d]" started-at="2019-08-15T10:20:58Z" name="HomePageNavigation" finished-at="2019-08-15T10:21:24Z" duration-ms="26003" status="PASS">
          <reporter-output>
          </reporter-output>
        </test-method> <!-- HomePageNavigation -->
        <test-method is-config="true" signature="teardown()[pri:0, instance:PHP_TestPackage.HomePageNavigation@3444d69d]" started-at="2019-08-15T10:21:24Z" name="teardown" finished-at="2019-08-15T10:21:24Z" duration-ms="236" status="PASS">
          <reporter-output>
          </reporter-output>
        </test-method> <!-- teardown -->
      </class> <!-- PHP_TestPackage.HomePageNavigation -->
    </test> <!-- Home Page Navigation -->
    <test started-at="2019-08-15T12:51:24Z" name="Validate Home Page" finished-at="2019-08-15T12:52:15Z" duration-ms="51098">
      <class name="PHP_TestPackage.ValidateHomePage">
        <test-method is-config="true" signature="bsuite()[pri:0, instance:PHP_TestPackage.ValidateHomePage@525b461a]" started-at="2019-08-15T10:20:57Z" name="bsuite" finished-at="2019-08-15T10:20:58Z" duration-ms="822" status="PASS">
          <reporter-output>
          </reporter-output>
        </test-method> <!-- bsuite -->
        <test-method is-config="true" signature="preConditions()[pri:0, instance:PHP_TestPackage.ValidateHomePage@525b461a]" started-at="2019-08-15T10:21:24Z" name="preConditions" finished-at="2019-08-15T10:21:52Z" duration-ms="28034" status="PASS">
          <reporter-output>
          </reporter-output>
        </test-method> <!-- preConditions -->
        <test-method signature="ValidateHomePage()[pri:0, instance:PHP_TestPackage.ValidateHomePage@525b461a]" started-at="2019-08-15T10:21:52Z" name="ValidateHomePage" finished-at="2019-08-15T10:22:13Z" duration-ms="20920" status="PASS">
          <reporter-output>
          </reporter-output>
        </test-method> <!-- ValidateHomePage -->
        <test-method is-config="true" signature="teardown()[pri:0, instance:PHP_TestPackage.ValidateHomePage@525b461a]" started-at="2019-08-15T10:22:13Z" name="teardown" finished-at="2019-08-15T10:22:15Z" duration-ms="2144" status="PASS">
          <reporter-output>
          </reporter-output>
        </test-method> <!-- teardown -->
      </class> <!-- PHP_TestPackage.ValidateHomePage -->
    </test> <!-- Validate Home Page -->
  </suite> <!-- PHP Travels -->
</testng-results>
